2024-11-22 15:31:49.366 - INFO - Starting parallel processing with 2 processes
2024-11-22 15:32:02.479 - INFO - Starting processing of file: collection1u00001s00001_hw00002.svc
2024-11-22 15:32:02.479 - INFO - Parameters: {'hidden_dim': 16, 'num_layers': 2, 'iterations': 500, 'batch_size': 512, 'module': 'gru'}
2024-11-22 15:32:02.491 - INFO - Data loading completed in 0.01 seconds
2024-11-22 15:32:04.155 - WARNING - From c:\Github\Thesis-Project\timegan\timegan copy.py:38: The name tf.disable_eager_execution is deprecated. Please use tf.compat.v1.disable_eager_execution instead.

2024-11-22 15:32:04.155 - INFO - Starting TimeGAN training with data shape: (54, 50, 7)
2024-11-22 15:32:08.399 - WARNING - From c:\Github\Thesis-Project\timegan\timegan copy.py:153: The name tf.train.AdamOptimizer is deprecated. Please use tf.compat.v1.train.AdamOptimizer instead.

2024-11-22 15:32:11.950 - INFO - Training with 0 batches per iteration
2024-11-22 15:32:12.000 - ERROR - Error processing file collection1u00001s00001_hw00002.svc: cannot access local variable 'e_loss_val' where it is not associated with a value
2024-11-22 15:32:12.080 - INFO - 
Processing Summary:
2024-11-22 15:32:12.080 - INFO - Total files processed: 1
2024-11-22 15:32:12.080 - INFO - Successfully processed: 0
2024-11-22 15:32:12.080 - INFO - Failed to process: 1
2024-11-22 15:32:12.080 - INFO - Total wall time: 22.71 seconds
2024-11-22 15:32:12.080 - INFO - Total processing time: 0.00 seconds
2024-11-22 15:32:12.080 - ERROR - 
Failed files:
2024-11-22 15:32:12.080 - ERROR - collection1u00001s00001_hw00002.svc: cannot access local variable 'e_loss_val' where it is not associated with a value
2024-11-22 15:44:27.355 - INFO - Starting parallel processing with 2 processes
2024-11-22 15:44:39.007 - INFO - Starting processing of file: collection1u00001s00001_hw00002.svc
2024-11-22 15:44:39.007 - INFO - Parameters: {'hidden_dim': 16, 'num_layers': 2, 'iterations': 500, 'batch_size': 512, 'module': 'gru'}
2024-11-22 15:44:39.030 - INFO - Data loading completed in 0.02 seconds
2024-11-22 15:44:40.745 - WARNING - From c:\Github\Thesis-Project\timegan\timegan copy.py:39: The name tf.disable_eager_execution is deprecated. Please use tf.compat.v1.disable_eager_execution instead.

2024-11-22 15:44:40.745 - INFO - Starting TimeGAN training with data shape: (54, 50, 7)
2024-11-22 15:44:45.113 - WARNING - From c:\Github\Thesis-Project\timegan\timegan copy.py:154: The name tf.train.AdamOptimizer is deprecated. Please use tf.compat.v1.train.AdamOptimizer instead.

2024-11-22 15:44:48.647 - INFO - Training with 0 batches per iteration
2024-11-22 15:44:48.694 - ERROR - Error processing file collection1u00001s00001_hw00002.svc: cannot access local variable 'e_loss_val' where it is not associated with a value
2024-11-22 15:44:48.789 - INFO - 
Processing Summary:
2024-11-22 15:44:48.789 - INFO - Total files processed: 1
2024-11-22 15:44:48.789 - INFO - Successfully processed: 0
2024-11-22 15:44:48.789 - INFO - Failed to process: 1
2024-11-22 15:44:48.789 - INFO - Total wall time: 21.43 seconds
2024-11-22 15:44:48.789 - INFO - Total processing time: 0.00 seconds
2024-11-22 15:44:48.789 - ERROR - 
Failed files:
2024-11-22 15:44:48.789 - ERROR - collection1u00001s00001_hw00002.svc: cannot access local variable 'e_loss_val' where it is not associated with a value
2024-11-22 15:47:44.933 - INFO - Starting parallel processing with 2 processes
2024-11-22 15:47:56.722 - INFO - Starting processing of file: collection1u00001s00001_hw00002.svc
2024-11-22 15:47:56.722 - INFO - Parameters: {'hidden_dim': 16, 'num_layers': 2, 'iterations': 500, 'batch_size': 512, 'module': 'gru'}
2024-11-22 15:47:56.779 - INFO - Data loading completed in 0.06 seconds
2024-11-22 15:47:58.616 - WARNING - From c:\Github\Thesis-Project\timegan\timegan copy.py:39: The name tf.disable_eager_execution is deprecated. Please use tf.compat.v1.disable_eager_execution instead.

2024-11-22 15:47:58.616 - INFO - Starting TimeGAN training with data shape: (54, 50, 7)
2024-11-22 15:48:03.808 - WARNING - From c:\Github\Thesis-Project\timegan\timegan copy.py:154: The name tf.train.AdamOptimizer is deprecated. Please use tf.compat.v1.train.AdamOptimizer instead.

2024-11-22 15:48:07.857 - INFO - Training with 0 batches per iteration
2024-11-22 15:48:07.904 - ERROR - Error processing file collection1u00001s00001_hw00002.svc: cannot access local variable 'e_loss_val' where it is not associated with a value
2024-11-22 15:48:07.992 - INFO - 
Processing Summary:
2024-11-22 15:48:07.992 - INFO - Total files processed: 1
2024-11-22 15:48:07.992 - INFO - Successfully processed: 0
2024-11-22 15:48:07.992 - INFO - Failed to process: 1
2024-11-22 15:48:07.992 - INFO - Total wall time: 23.08 seconds
2024-11-22 15:48:07.992 - INFO - Total processing time: 0.00 seconds
2024-11-22 15:48:07.992 - ERROR - 
Failed files:
2024-11-22 15:48:07.992 - ERROR - collection1u00001s00001_hw00002.svc: cannot access local variable 'e_loss_val' where it is not associated with a value
2024-11-22 15:49:18.229 - INFO - Starting parallel processing with 2 processes
2024-11-22 15:49:29.875 - INFO - Starting processing of file: collection1u00001s00001_hw00002.svc
2024-11-22 15:49:29.875 - INFO - Parameters: {'hidden_dim': 16, 'num_layers': 2, 'iterations': 500, 'batch_size': 512, 'module': 'gru'}
2024-11-22 15:49:29.891 - INFO - Data loading completed in 0.02 seconds
2024-11-22 15:49:31.651 - WARNING - From c:\Github\Thesis-Project\timegan\timegan copy.py:39: The name tf.disable_eager_execution is deprecated. Please use tf.compat.v1.disable_eager_execution instead.

2024-11-22 15:49:31.651 - INFO - Starting TimeGAN training with data shape: (54, 50, 7)
2024-11-22 15:49:36.141 - WARNING - From c:\Github\Thesis-Project\timegan\timegan copy.py:154: The name tf.train.AdamOptimizer is deprecated. Please use tf.compat.v1.train.AdamOptimizer instead.

2024-11-22 15:49:39.358 - INFO - Training with 0 batches per iteration
2024-11-22 15:49:39.401 - ERROR - Error processing file collection1u00001s00001_hw00002.svc: cannot access local variable 'e_loss_val' where it is not associated with a value
2024-11-22 15:49:39.463 - INFO - 
Processing Summary:
2024-11-22 15:49:39.463 - INFO - Total files processed: 1
2024-11-22 15:49:39.463 - INFO - Successfully processed: 0
2024-11-22 15:49:39.463 - INFO - Failed to process: 1
2024-11-22 15:49:39.463 - INFO - Total wall time: 21.23 seconds
2024-11-22 15:49:39.463 - INFO - Total processing time: 0.00 seconds
2024-11-22 15:49:39.463 - ERROR - 
Failed files:
2024-11-22 15:49:39.463 - ERROR - collection1u00001s00001_hw00002.svc: cannot access local variable 'e_loss_val' where it is not associated with a value
